# JRE version: Java(TM) SE Runtime Environment (21.0.1+12) (build 21.0.1+12-LTS-29)
# Java VM: Java HotSpot(TM) 64-Bit Server VM (21.0.1+12-LTS-29, mixed mode, sharing, tiered, compressed oops, compressed class ptrs, g1 gc, windows-amd64)
GC Precious Log:
 CardTable entry size: 512
 Card Set container configuration: InlinePtr #cards 4 size 8 Array Of Cards #cards 32 size 80 Howl #buckets 8 coarsen threshold 7372 Howl Bitmap #cards 1024 size 144 coarsen threshold 921 Card regions per heap region 1 cards per card region 8192
 CPUs: 8 total, 8 available
 Memory: 20279M
 Large Page Support: Disabled
 NUMA Support: Disabled
 Compressed Oops: Enabled (Zero based)
 Heap Region Size: 4M
 Heap Min Capacity: 8M
 Heap Initial Capacity: 320M
 Heap Max Capacity: 5072M
 Pre-touch: Disabled
 Parallel Workers: 8
 Concurrent Workers: 2
 Concurrent Refinement Workers: 8
 Periodic GC: Disabled
Heap:
 garbage-first heap   total 327680K, used 24610K [0x00000004ac800000, 0x00000005e9800000)
  region size 4096K, 6 young (24576K), 2 survivors (8192K)
 Metaspace       used 19968K, committed 20352K, reserved 1114112K
  class space    used 2483K, committed 2688K, reserved 1048576K
GC Heap History (6 events):
Event: 0.429 GC heap before
{Heap before GC invocations=0 (full 0):
 garbage-first heap   total 327680K, used 20480K [0x00000004ac800000, 0x00000005e9800000)
  region size 4096K, 5 young (20480K), 0 survivors (0K)
 Metaspace       used 4553K, committed 4736K, reserved 1114112K
  class space    used 506K, committed 576K, reserved 1048576K
}
Event: 0.432 GC heap after
{Heap after GC invocations=1 (full 0):
 garbage-first heap   total 327680K, used 6534K [0x00000004ac800000, 0x00000005e9800000)
  region size 4096K, 1 young (4096K), 1 survivors (4096K)
 Metaspace       used 4553K, committed 4736K, reserved 1114112K
  class space    used 506K, committed 576K, reserved 1048576K
}
Event: 0.672 GC heap before
{Heap before GC invocations=1 (full 0):
 garbage-first heap   total 327680K, used 18822K [0x00000004ac800000, 0x00000005e9800000)
  region size 4096K, 4 young (16384K), 1 survivors (4096K)
 Metaspace       used 7648K, committed 7872K, reserved 1114112K
  class space    used 918K, committed 1024K, reserved 1048576K
}
Event: 0.675 GC heap after
{Heap after GC invocations=2 (full 0):
 garbage-first heap   total 327680K, used 8168K [0x00000004ac800000, 0x00000005e9800000)
  region size 4096K, 1 young (4096K), 1 survivors (4096K)
 Metaspace       used 7648K, committed 7872K, reserved 1114112K
  class space    used 918K, committed 1024K, reserved 1048576K
}
Event: 1.086 GC heap before
{Heap before GC invocations=2 (full 0):
 garbage-first heap   total 327680K, used 53224K [0x00000004ac800000, 0x00000005e9800000)
  region size 4096K, 12 young (49152K), 1 survivors (4096K)
 Metaspace       used 17852K, committed 18112K, reserved 1114112K
  class space    used 2195K, committed 2304K, reserved 1048576K
}
Event: 1.090 GC heap after
{Heap after GC invocations=3 (full 0):
 garbage-first heap   total 327680K, used 12322K [0x00000004ac800000, 0x00000005e9800000)
  region size 4096K, 2 young (8192K), 2 survivors (8192K)
 Metaspace       used 17852K, committed 18112K, reserved 1114112K
  class space    used 2195K, committed 2304K, reserved 1048576K
}

